<?xml version="1.0" encoding="UTF-8"?>
<testsuite xmlns:xsi="http://www.w3.org/2001/XMLSchema-instance" xsi:noNamespaceSchemaLocation="https://maven.apache.org/surefire/maven-surefire-plugin/xsd/surefire-test-report-3.0.xsd" version="3.0" name="com.app.quantitymeasurement.QuantityMeasurementAppApplicationTests" time="15.604" tests="9" errors="0" skipped="0" failures="0">
  <properties>
[...]
</properties>
  <testcase name="testCompare_FeetAndInches_ReturnsTrue" classname="com.app.quantitymeasurement.QuantityMeasurementAppApplicationTests" time="1.279">
    <system-out><![CDATA[16:20:46.974 [main] INFO org.springframework.test.context.support.AnnotationConfigContextLoaderUtils -- Could not detect default configuration classes for test class [com.app.quantitymeasurement.QuantityMeasurementAppApplicationTests]: QuantityMeasurementAppApplicationTests does not declare any static, non-private, non-final, nested classes annotated with @Configuration.
16:20:47.225 [main] INFO org.springframework.boot.test.context.SpringBootTestContextBootstrapper -- Found @SpringBootConfiguration com.app.quantitymeasurement.QuantityMeasurementAppApplication for test class com.app.quantitymeasurement.QuantityMeasurementAppApplicationTests

  .   ____          _            __ _ _
 /\\ / ___'_ __ _ _(_)_ __  __ _ \ \ \ \
( ( )\___ | '_ | '_| | '_ \/ _` | \ \ \ \
 \\/  ___)| |_)| | | | | || (_| |  ) ) ) )
  '  |____| .__|_| |_|_| |_\__, | / / / /
 =========|_|==============|___/=/_/_/_/
 :: Spring Boot ::                (v3.2.3)

2026-04-01T16:20:47.978+05:30  INFO 18504 --- [quantity-measurement-app] [           main] q.QuantityMeasurementAppApplicationTests : Starting QuantityMeasurementAppApplicationTests using Java 21.0.10 with PID 18504 (started by panka in C:\Users\panka\OneDrive\Desktop\QuantiyMeasurementApp\QuantityMeasurementApp-feature-UC18-Spring-Security-With-OAuth (1)\QuantityMeasurementApp-feature-UC18-Spring-Security-With-OAuth)
2026-04-01T16:20:47.982+05:30 DEBUG 18504 --- [quantity-measurement-app] [           main] q.QuantityMeasurementAppApplicationTests : Running with Spring Boot v3.2.3, Spring v6.1.4
2026-04-01T16:20:47.984+05:30  INFO 18504 --- [quantity-measurement-app] [           main] q.QuantityMeasurementAppApplicationTests : The following 1 profile is active: "dev"
2026-04-01T16:20:50.390+05:30  INFO 18504 --- [quantity-measurement-app] [           main] .s.d.r.c.RepositoryConfigurationDelegate : Bootstrapping Spring Data JPA repositories in DEFAULT mode.
2026-04-01T16:20:50.558+05:30  INFO 18504 --- [quantity-measurement-app] [           main] .s.d.r.c.RepositoryConfigurationDelegate : Finished Spring Data repository scanning in 152 ms. Found 3 JPA repository interfaces.
2026-04-01T16:20:52.162+05:30  INFO 18504 --- [quantity-measurement-app] [           main] o.hibernate.jpa.internal.util.LogHelper  : HHH000204: Processing PersistenceUnitInfo [name: default]
2026-04-01T16:20:52.301+05:30  INFO 18504 --- [quantity-measurement-app] [           main] org.hibernate.Version                    : HHH000412: Hibernate ORM core version 6.4.4.Final
2026-04-01T16:20:52.391+05:30  INFO 18504 --- [quantity-measurement-app] [           main] o.h.c.internal.RegionFactoryInitiator    : HHH000026: Second-level cache disabled
2026-04-01T16:20:52.968+05:30  INFO 18504 --- [quantity-measurement-app] [           main] o.s.o.j.p.SpringPersistenceUnitInfo      : No LoadTimeWeaver setup: ignoring JPA class transformer
2026-04-01T16:20:53.041+05:30  INFO 18504 --- [quantity-measurement-app] [           main] com.zaxxer.hikari.HikariDataSource       : HikariPool-1 - Starting...
2026-04-01T16:20:53.330+05:30  INFO 18504 --- [quantity-measurement-app] [           main] com.zaxxer.hikari.pool.HikariPool        : HikariPool-1 - Added connection conn0: url=jdbc:h2:mem:quantitymeasurementdb user=SA
2026-04-01T16:20:53.332+05:30  INFO 18504 --- [quantity-measurement-app] [           main] com.zaxxer.hikari.HikariDataSource       : HikariPool-1 - Start completed.
2026-04-01T16:20:53.362+05:30  WARN 18504 --- [quantity-measurement-app] [           main] org.hibernate.orm.deprecation            : HHH90000025: H2Dialect does not need to be specified explicitly using 'hibernate.dialect' (remove the property setting and it will be selected by default)
2026-04-01T16:20:54.731+05:30  INFO 18504 --- [quantity-measurement-app] [           main] o.h.e.t.j.p.i.JtaPlatformInitiator       : HHH000489: No JTA platform available (set 'hibernate.transaction.jta.platform' to enable JTA platform integration)
Hibernate: drop table if exists quantity cascade 
Hibernate: drop table if exists quantity_measurements cascade 
Hibernate: drop table if exists quantity_record cascade 
Hibernate: drop table if exists users cascade 
Hibernate: create table quantity (value_col float(53), id bigint generated by default as identity, unit varchar(255), primary key (id))
Hibernate: create table quantity_measurements (is_error boolean, result_value float(53), that_value float(53), this_value float(53), created_at timestamp(6), id bigint generated by default as identity, error_message varchar(500), operation varchar(255), result_measurement_type varchar(255), result_string varchar(255), result_unit varchar(255), that_measurement_type varchar(255), that_unit varchar(255), this_measurement_type varchar(255), this_unit varchar(255), primary key (id))
Hibernate: create table quantity_record (input1 float(53) not null, input2 float(53) not null, result float(53) not null, id bigint generated by default as identity, operation varchar(255), type varchar(255), unit1 varchar(255), unit2 varchar(255), primary key (id))
Hibernate: create table users (enabled boolean not null, created_at timestamp(6), id bigint generated by default as identity, email varchar(255) not null unique, name varchar(255) not null, password varchar(255), provider varchar(255) not null, role varchar(255) not null check (role in ('USER','ADMIN')), primary key (id))
2026-04-01T16:20:54.807+05:30  INFO 18504 --- [quantity-measurement-app] [           main] j.LocalContainerEntityManagerFactoryBean : Initialized JPA EntityManagerFactory for persistence unit 'default'
2026-04-01T16:20:56.028+05:30  INFO 18504 --- [quantity-measurement-app] [           main] o.s.d.j.r.query.QueryEnhancerFactory     : Hibernate is in classpath; If applicable, HQL parser will be used.
2026-04-01T16:20:56.992+05:30  WARN 18504 --- [quantity-measurement-app] [           main] JpaBaseConfiguration$JpaWebConfiguration : spring.jpa.open-in-view is enabled by default. Therefore, database queries may be performed during view rendering. Explicitly configure spring.jpa.open-in-view to disable this warning
2026-04-01T16:20:58.461+05:30  INFO 18504 --- [quantity-measurement-app] [           main] o.s.b.a.e.web.EndpointLinksResolver      : Exposing 3 endpoint(s) beneath base path '/actuator'
2026-04-01T16:20:58.789+05:30  INFO 18504 --- [quantity-measurement-app] [           main] o.s.s.web.DefaultSecurityFilterChain     : Will secure any request with [org.springframework.security.web.session.DisableEncodeUrlFilter@294c1b45, org.springframework.security.web.context.request.async.WebAsyncManagerIntegrationFilter@53ed0519, org.springframework.security.web.context.SecurityContextHolderFilter@4d76f990, org.springframework.security.web.header.HeaderWriterFilter@7049d079, org.springframework.web.filter.CorsFilter@373e3dac, org.springframework.security.web.authentication.logout.LogoutFilter@1362f4, org.springframework.security.oauth2.client.web.OAuth2AuthorizationRequestRedirectFilter@3e5f458f, org.springframework.security.oauth2.client.web.OAuth2LoginAuthenticationFilter@74f446ba, com.app.quantitymeasurement.security.filter.JwtAuthenticationFilter@141874c8, org.springframework.security.web.authentication.ui.DefaultLoginPageGeneratingFilter@222e4377, org.springframework.security.web.authentication.ui.DefaultLogoutPageGeneratingFilter@45070db0, org.springframework.security.web.savedrequest.RequestCacheAwareFilter@77199818, org.springframework.security.web.servletapi.SecurityContextHolderAwareRequestFilter@78edbe01, org.springframework.security.web.authentication.AnonymousAuthenticationFilter@13437ce5, org.springframework.security.web.session.SessionManagementFilter@47c163bb, org.springframework.security.web.access.ExceptionTranslationFilter@13623138, org.springframework.security.web.access.intercept.AuthorizationFilter@19f3c1f7]
2026-04-01T16:20:59.986+05:30  INFO 18504 --- [quantity-measurement-app] [           main] o.s.b.a.h2.H2ConsoleAutoConfiguration    : H2 console available at '/h2-console'. Database available at 'jdbc:h2:mem:quantitymeasurementdb'
2026-04-01T16:21:00.208+05:30 DEBUG 18504 --- [quantity-measurement-app] [           main] c.a.q.s.filter.JwtAuthenticationFilter   : Filter 'jwtAuthenticationFilter' configured for use
2026-04-01T16:21:00.210+05:30  INFO 18504 --- [quantity-measurement-app] [           main] o.s.b.t.m.w.SpringBootMockServletContext : Initializing Spring TestDispatcherServlet ''
2026-04-01T16:21:00.210+05:30  INFO 18504 --- [quantity-measurement-app] [           main] o.s.t.web.servlet.TestDispatcherServlet  : Initializing Servlet ''
2026-04-01T16:21:00.212+05:30  INFO 18504 --- [quantity-measurement-app] [           main] o.s.t.web.servlet.TestDispatcherServlet  : Completed initialization in 2 ms
2026-04-01T16:21:00.370+05:30  INFO 18504 --- [quantity-measurement-app] [           main] q.QuantityMeasurementAppApplicationTests : Started QuantityMeasurementAppApplicationTests in 12.873 seconds (process running for 14.904)
2026-04-01T16:21:01.648+05:30  INFO 18504 --- [quantity-measurement-app] [           main] c.a.q.c.QuantityMeasurementController    : Compare request received
Hibernate: insert into quantity_measurements (created_at,error_message,is_error,operation,result_measurement_type,result_string,result_unit,result_value,that_measurement_type,that_unit,that_value,this_measurement_type,this_unit,this_value,id) values (?,?,?,?,?,?,?,?,?,?,?,?,?,?,default)
]]></system-out>
    <system-err><![CDATA[WARNING: A Java agent has been loaded dynamically (C:\Users\panka\.m2\repository\net\bytebuddy\byte-buddy-agent\1.14.12\byte-buddy-agent-1.14.12.jar)
WARNING: If a serviceability tool is in use, please run with -XX:+EnableDynamicAgentLoading to hide this warning
WARNING: If a serviceability tool is not in use, please run with -Djdk.instrument.traceUsage for more information
WARNING: Dynamic loading of agents will be disallowed by default in a future release
]]></system-err>
  </testcase>
  <testcase name="testDivide_Weights" classname="com.app.quantitymeasurement.QuantityMeasurementAppApplicationTests" time="0.039">
    <system-out><![CDATA[2026-04-01T16:21:01.887+05:30  INFO 18504 --- [quantity-measurement-app] [           main] c.a.q.c.QuantityMeasurementController    : Divide request received
Hibernate: insert into quantity_measurements (created_at,error_message,is_error,operation,result_measurement_type,result_string,result_unit,result_value,that_measurement_type,that_unit,that_value,this_measurement_type,this_unit,this_value,id) values (?,?,?,?,?,?,?,?,?,?,?,?,?,?,default)
]]></system-out>
  </testcase>
  <testcase name="testTemperatureCompare_CelsiusAndFahrenheit" classname="com.app.quantitymeasurement.QuantityMeasurementAppApplicationTests" time="0.032">
    <system-out><![CDATA[2026-04-01T16:21:01.926+05:30  INFO 18504 --- [quantity-measurement-app] [           main] c.a.q.c.QuantityMeasurementController    : Compare request received
Hibernate: insert into quantity_measurements (created_at,error_message,is_error,operation,result_measurement_type,result_string,result_unit,result_value,that_measurement_type,that_unit,that_value,this_measurement_type,this_unit,this_value,id) values (?,?,?,?,?,?,?,?,?,?,?,?,?,?,default)
]]></system-out>
  </testcase>
  <testcase name="testGetHistoryByOperation" classname="com.app.quantitymeasurement.QuantityMeasurementAppApplicationTests" time="0.156">
    <system-out><![CDATA[Hibernate: select qme1_0.id,qme1_0.created_at,qme1_0.error_message,qme1_0.is_error,qme1_0.operation,qme1_0.result_measurement_type,qme1_0.result_string,qme1_0.result_unit,qme1_0.result_value,qme1_0.that_measurement_type,qme1_0.that_unit,qme1_0.that_value,qme1_0.this_measurement_type,qme1_0.this_unit,qme1_0.this_value from quantity_measurements qme1_0 where qme1_0.operation=?
]]></system-out>
  </testcase>
  <testcase name="testGetErrorHistory" classname="com.app.quantitymeasurement.QuantityMeasurementAppApplicationTests" time="0.024">
    <system-out><![CDATA[Hibernate: select qme1_0.id,qme1_0.created_at,qme1_0.error_message,qme1_0.is_error,qme1_0.operation,qme1_0.result_measurement_type,qme1_0.result_string,qme1_0.result_unit,qme1_0.result_value,qme1_0.that_measurement_type,qme1_0.that_unit,qme1_0.that_value,qme1_0.this_measurement_type,qme1_0.this_unit,qme1_0.this_value from quantity_measurements qme1_0 where qme1_0.is_error
]]></system-out>
  </testcase>
  <testcase name="testConvert_FeetToInch" classname="com.app.quantitymeasurement.QuantityMeasurementAppApplicationTests" time="0.027">
    <system-out><![CDATA[2026-04-01T16:21:02.149+05:30  INFO 18504 --- [quantity-measurement-app] [           main] c.a.q.c.QuantityMeasurementController    : Convert request received
Hibernate: insert into quantity_measurements (created_at,error_message,is_error,operation,result_measurement_type,result_string,result_unit,result_value,that_measurement_type,that_unit,that_value,this_measurement_type,this_unit,this_value,id) values (?,?,?,?,?,?,?,?,?,?,?,?,?,?,default)
]]></system-out>
  </testcase>
  <testcase name="testAdd_FeetAndInches" classname="com.app.quantitymeasurement.QuantityMeasurementAppApplicationTests" time="0.024">
    <system-out><![CDATA[2026-04-01T16:21:02.174+05:30  INFO 18504 --- [quantity-measurement-app] [           main] c.a.q.c.QuantityMeasurementController    : Add request received
Hibernate: insert into quantity_measurements (created_at,error_message,is_error,operation,result_measurement_type,result_string,result_unit,result_value,that_measurement_type,that_unit,that_value,this_measurement_type,this_unit,this_value,id) values (?,?,?,?,?,?,?,?,?,?,?,?,?,?,default)
]]></system-out>
  </testcase>
  <testcase name="contextLoads" classname="com.app.quantitymeasurement.QuantityMeasurementAppApplicationTests" time="0.011"/>
  <testcase name="testGetCountByOperation" classname="com.app.quantitymeasurement.QuantityMeasurementAppApplicationTests" time="0.042">
    <system-out><![CDATA[Hibernate: select count(qme1_0.id) from quantity_measurements qme1_0 where qme1_0.operation=?
]]></system-out>
  </testcase>
</testsuite>